This file contains any messages produced by compilers while
running configure, to aid debugging if configure makes a mistake.

It was created by HpLRU C++ configure 0.5, which was
generated by GNU Autoconf 2.68.  Invocation command line was

  $ ../configure 

## --------- ##
## Platform. ##
## --------- ##

hostname = aehusain
uname -m = x86_64
uname -r = 3.5.0-23-generic
uname -s = Linux
uname -v = #35~precise1-Ubuntu SMP Fri Jan 25 17:13:26 UTC 2013

/usr/bin/uname -p = unknown
/bin/uname -X     = unknown

/bin/arch              = unknown
/usr/bin/arch -k       = unknown
/usr/convex/getsysinfo = unknown
/usr/bin/hostinfo      = unknown
/bin/machine           = unknown
/usr/bin/oslevel       = unknown
/bin/universe          = unknown

PATH: /usr/lib/lightdm/lightdm
PATH: /usr/local/sbin
PATH: /usr/local/bin
PATH: /usr/sbin
PATH: /usr/bin
PATH: /sbin
PATH: /bin
PATH: /usr/games


## ----------- ##
## Core tests. ##
## ----------- ##

configure:2269: checking for a BSD-compatible install
configure:2337: result: /usr/bin/install -c
configure:2348: checking whether build environment is sane
configure:2398: result: yes
configure:2539: checking for a thread-safe mkdir -p
configure:2578: result: /bin/mkdir -p
configure:2591: checking for gawk
configure:2621: result: no
configure:2591: checking for mawk
configure:2607: found /usr/bin/mawk
configure:2618: result: mawk
configure:2629: checking whether make sets $(MAKE)
configure:2651: result: yes
configure:2751: checking build system type
configure:2765: result: x86_64-unknown-linux-gnu
configure:2785: checking host system type
configure:2798: result: x86_64-unknown-linux-gnu
configure:2839: checking how to print strings
configure:2866: result: printf
configure:2899: checking for style of include used by make
configure:2927: result: GNU
configure:2998: checking for gcc
configure:3014: found /usr/bin/gcc
configure:3025: result: gcc
configure:3254: checking for C compiler version
configure:3263: gcc --version >&5
gcc (Ubuntu 4.8.1-2ubuntu1~12.04) 4.8.1
Copyright (C) 2013 Free Software Foundation, Inc.
This is free software; see the source for copying conditions.  There is NO
warranty; not even for MERCHANTABILITY or FITNESS FOR A PARTICULAR PURPOSE.

configure:3274: $? = 0
configure:3263: gcc -v >&5
Using built-in specs.
COLLECT_GCC=gcc
COLLECT_LTO_WRAPPER=/usr/lib/gcc/x86_64-linux-gnu/4.8/lto-wrapper
Target: x86_64-linux-gnu
Configured with: ../src/configure -v --with-pkgversion='Ubuntu 4.8.1-2ubuntu1~12.04' --with-bugurl=file:///usr/share/doc/gcc-4.8/README.Bugs --enable-languages=c,c++,java,go,d,fortran,objc,obj-c++ --prefix=/usr --program-suffix=-4.8 --enable-shared --enable-linker-build-id --libexecdir=/usr/lib --without-included-gettext --enable-threads=posix --with-gxx-include-dir=/usr/include/c++/4.8 --libdir=/usr/lib --enable-nls --with-sysroot=/ --enable-clocale=gnu --enable-libstdcxx-debug --enable-libstdcxx-time=yes --enable-gnu-unique-object --enable-plugin --with-system-zlib --disable-browser-plugin --enable-java-awt=gtk --enable-gtk-cairo --with-java-home=/usr/lib/jvm/java-1.5.0-gcj-4.8-amd64/jre --enable-java-home --with-jvm-root-dir=/usr/lib/jvm/java-1.5.0-gcj-4.8-amd64 --with-jvm-jar-dir=/usr/lib/jvm-exports/java-1.5.0-gcj-4.8-amd64 --with-arch-directory=amd64 --with-ecj-jar=/usr/share/java/eclipse-ecj.jar --enable-objc-gc --enable-multiarch --disable-werror --with-arch-32=i686 --with-abi=m64 --with-multilib-list=m32,m64 --with-tune=generic --enable-checking=release --build=x86_64-linux-gnu --host=x86_64-linux-gnu --target=x86_64-linux-gnu
Thread model: posix
gcc version 4.8.1 (Ubuntu 4.8.1-2ubuntu1~12.04) 
configure:3274: $? = 0
configure:3263: gcc -V >&5
gcc: error: unrecognized command line option '-V'
gcc: fatal error: no input files
compilation terminated.
configure:3274: $? = 4
configure:3263: gcc -qversion >&5
gcc: error: unrecognized command line option '-qversion'
gcc: fatal error: no input files
compilation terminated.
configure:3274: $? = 4
configure:3294: checking whether the C compiler works
configure:3316: gcc    conftest.c  >&5
configure:3320: $? = 0
configure:3368: result: yes
configure:3371: checking for C compiler default output file name
configure:3373: result: a.out
configure:3379: checking for suffix of executables
configure:3386: gcc -o conftest    conftest.c  >&5
configure:3390: $? = 0
configure:3412: result: 
configure:3434: checking whether we are cross compiling
configure:3442: gcc -o conftest    conftest.c  >&5
configure:3446: $? = 0
configure:3453: ./conftest
configure:3457: $? = 0
configure:3472: result: no
configure:3477: checking for suffix of object files
configure:3499: gcc -c   conftest.c >&5
configure:3503: $? = 0
configure:3524: result: o
configure:3528: checking whether we are using the GNU C compiler
configure:3547: gcc -c   conftest.c >&5
configure:3547: $? = 0
configure:3556: result: yes
configure:3565: checking whether gcc accepts -g
configure:3585: gcc -c -g  conftest.c >&5
configure:3585: $? = 0
configure:3626: result: yes
configure:3643: checking for gcc option to accept ISO C89
configure:3707: gcc  -c -g -O2  conftest.c >&5
configure:3707: $? = 0
configure:3720: result: none needed
configure:3742: checking dependency style of gcc
configure:3853: result: gcc3
configure:3868: checking for a sed that does not truncate output
configure:3932: result: /bin/sed
configure:3950: checking for grep that handles long lines and -e
configure:4008: result: /bin/grep
configure:4013: checking for egrep
configure:4075: result: /bin/grep -E
configure:4080: checking for fgrep
configure:4142: result: /bin/grep -F
configure:4177: checking for ld used by gcc
configure:4244: result: /usr/bin/ld
configure:4251: checking if the linker (/usr/bin/ld) is GNU ld
configure:4266: result: yes
configure:4278: checking for BSD- or MS-compatible name lister (nm)
configure:4327: result: /usr/bin/nm -B
configure:4457: checking the name lister (/usr/bin/nm -B) interface
configure:4464: gcc -c -g -O2  conftest.c >&5
configure:4467: /usr/bin/nm -B "conftest.o"
configure:4470: output
0000000000000000 B some_variable
configure:4477: result: BSD nm
configure:4480: checking whether ln -s works
configure:4484: result: yes
configure:4492: checking the maximum length of command line arguments
configure:4622: result: 1572864
configure:4639: checking whether the shell understands some XSI constructs
configure:4649: result: yes
configure:4653: checking whether the shell understands "+="
configure:4659: result: yes
configure:4694: checking how to convert x86_64-unknown-linux-gnu file names to x86_64-unknown-linux-gnu format
configure:4734: result: func_convert_file_noop
configure:4741: checking how to convert x86_64-unknown-linux-gnu file names to toolchain format
configure:4761: result: func_convert_file_noop
configure:4768: checking for /usr/bin/ld option to reload object files
configure:4775: result: -r
configure:4849: checking for objdump
configure:4865: found /usr/bin/objdump
configure:4876: result: objdump
configure:4908: checking how to recognize dependent libraries
configure:5110: result: pass_all
configure:5195: checking for dlltool
configure:5225: result: no
configure:5255: checking how to associate runtime and link libraries
configure:5282: result: printf %s\n
configure:5343: checking for ar
configure:5359: found /usr/bin/ar
configure:5370: result: ar
configure:5407: checking for archiver @FILE support
configure:5424: gcc -c -g -O2  conftest.c >&5
configure:5424: $? = 0
configure:5427: ar cru libconftest.a @conftest.lst >&5
configure:5430: $? = 0
configure:5435: ar cru libconftest.a @conftest.lst >&5
ar: conftest.o: No such file or directory
configure:5438: $? = 1
configure:5450: result: @
configure:5508: checking for strip
configure:5524: found /usr/bin/strip
configure:5535: result: strip
configure:5607: checking for ranlib
configure:5623: found /usr/bin/ranlib
configure:5634: result: ranlib
configure:5736: checking command to parse /usr/bin/nm -B output from gcc object
configure:5856: gcc -c -g -O2  conftest.c >&5
configure:5859: $? = 0
configure:5863: /usr/bin/nm -B conftest.o \| sed -n -e 's/^.*[ ]\([ABCDGIRSTW][ABCDGIRSTW]*\)[ ][ ]*\([_A-Za-z][_A-Za-z0-9]*\)$/\1 \2 \2/p' | sed '/ __gnu_lto/d' \> conftest.nm
configure:5866: $? = 0
configure:5932: gcc -o conftest -g -O2   conftest.c conftstm.o >&5
configure:5935: $? = 0
configure:5973: result: ok
configure:6010: checking for sysroot
configure:6040: result: no
configure:6117: gcc -c -g -O2  conftest.c >&5
configure:6120: $? = 0
configure:6296: checking for mt
configure:6312: found /bin/mt
configure:6323: result: mt
configure:6346: checking if mt is a manifest tool
configure:6352: mt '-?'
configure:6360: result: no
configure:7002: checking how to run the C preprocessor
configure:7033: gcc -E  conftest.c
configure:7033: $? = 0
configure:7047: gcc -E  conftest.c
conftest.c:9:28: fatal error: ac_nonexistent.h: No such file or directory
 #include <ac_nonexistent.h>
                            ^
compilation terminated.
configure:7047: $? = 1
configure: failed program was:
| /* confdefs.h */
| #define PACKAGE_NAME "HpLRU C++"
| #define PACKAGE_TARNAME "HpLRULib_CC"
| #define PACKAGE_VERSION "0.5"
| #define PACKAGE_STRING "HpLRU C++ 0.5"
| #define PACKAGE_BUGREPORT ""
| #define PACKAGE_URL ""
| /* end confdefs.h.  */
| #include <ac_nonexistent.h>
configure:7072: result: gcc -E
configure:7092: gcc -E  conftest.c
configure:7092: $? = 0
configure:7106: gcc -E  conftest.c
conftest.c:9:28: fatal error: ac_nonexistent.h: No such file or directory
 #include <ac_nonexistent.h>
                            ^
compilation terminated.
configure:7106: $? = 1
configure: failed program was:
| /* confdefs.h */
| #define PACKAGE_NAME "HpLRU C++"
| #define PACKAGE_TARNAME "HpLRULib_CC"
| #define PACKAGE_VERSION "0.5"
| #define PACKAGE_STRING "HpLRU C++ 0.5"
| #define PACKAGE_BUGREPORT ""
| #define PACKAGE_URL ""
| /* end confdefs.h.  */
| #include <ac_nonexistent.h>
configure:7135: checking for ANSI C header files
configure:7155: gcc -c -g -O2  conftest.c >&5
configure:7155: $? = 0
configure:7228: gcc -o conftest -g -O2   conftest.c  >&5
configure:7228: $? = 0
configure:7228: ./conftest
configure:7228: $? = 0
configure:7239: result: yes
configure:7252: checking for sys/types.h
configure:7252: gcc -c -g -O2  conftest.c >&5
configure:7252: $? = 0
configure:7252: result: yes
configure:7252: checking for sys/stat.h
configure:7252: gcc -c -g -O2  conftest.c >&5
configure:7252: $? = 0
configure:7252: result: yes
configure:7252: checking for stdlib.h
configure:7252: gcc -c -g -O2  conftest.c >&5
configure:7252: $? = 0
configure:7252: result: yes
configure:7252: checking for string.h
configure:7252: gcc -c -g -O2  conftest.c >&5
configure:7252: $? = 0
configure:7252: result: yes
configure:7252: checking for memory.h
configure:7252: gcc -c -g -O2  conftest.c >&5
configure:7252: $? = 0
configure:7252: result: yes
configure:7252: checking for strings.h
configure:7252: gcc -c -g -O2  conftest.c >&5
configure:7252: $? = 0
configure:7252: result: yes
configure:7252: checking for inttypes.h
configure:7252: gcc -c -g -O2  conftest.c >&5
configure:7252: $? = 0
configure:7252: result: yes
configure:7252: checking for stdint.h
configure:7252: gcc -c -g -O2  conftest.c >&5
configure:7252: $? = 0
configure:7252: result: yes
configure:7252: checking for unistd.h
configure:7252: gcc -c -g -O2  conftest.c >&5
configure:7252: $? = 0
configure:7252: result: yes
configure:7266: checking for dlfcn.h
configure:7266: gcc -c -g -O2  conftest.c >&5
configure:7266: $? = 0
configure:7266: result: yes
configure:7472: checking for objdir
configure:7487: result: .libs
configure:7754: checking if gcc supports -fno-rtti -fno-exceptions
configure:7772: gcc -c -g -O2  -fno-rtti -fno-exceptions conftest.c >&5
cc1: warning: command line option '-fno-rtti' is valid for C++/ObjC++ but not for C [enabled by default]
configure:7776: $? = 0
configure:7789: result: no
configure:8116: checking for gcc option to produce PIC
configure:8123: result: -fPIC -DPIC
configure:8131: checking if gcc PIC flag -fPIC -DPIC works
configure:8149: gcc -c -g -O2  -fPIC -DPIC -DPIC conftest.c >&5
configure:8153: $? = 0
configure:8166: result: yes
configure:8195: checking if gcc static flag -static works
configure:8223: result: yes
configure:8238: checking if gcc supports -c -o file.o
configure:8259: gcc -c -g -O2  -o out/conftest2.o conftest.c >&5
configure:8263: $? = 0
configure:8285: result: yes
configure:8293: checking if gcc supports -c -o file.o
configure:8340: result: yes
configure:8373: checking whether the gcc linker (/usr/bin/ld -m elf_x86_64) supports shared libraries
configure:9530: result: yes
configure:9567: checking whether -lc should be explicitly linked in
configure:9575: gcc -c -g -O2  conftest.c >&5
configure:9578: $? = 0
configure:9593: gcc -shared  -fPIC -DPIC conftest.o  -v -Wl,-soname -Wl,conftest -o conftest 2\>\&1 \| /bin/grep  -lc  \>/dev/null 2\>\&1
configure:9596: $? = 0
configure:9610: result: no
configure:9770: checking dynamic linker characteristics
configure:10281: gcc -o conftest -g -O2   -Wl,-rpath -Wl,/foo conftest.c  >&5
configure:10281: $? = 0
configure:10515: result: GNU/Linux ld.so
configure:10622: checking how to hardcode library paths into programs
configure:10647: result: immediate
configure:11187: checking whether stripping libraries is possible
configure:11192: result: yes
configure:11227: checking if libtool supports shared libraries
configure:11229: result: yes
configure:11232: checking whether to build shared libraries
configure:11253: result: yes
configure:11256: checking whether to build static libraries
configure:11260: result: yes
configure:11390: checking for g++
configure:11406: found /usr/bin/g++
configure:11417: result: g++
configure:11444: checking for C++ compiler version
configure:11453: g++ --version >&5
g++ (Ubuntu 4.8.1-2ubuntu1~12.04) 4.8.1
Copyright (C) 2013 Free Software Foundation, Inc.
This is free software; see the source for copying conditions.  There is NO
warranty; not even for MERCHANTABILITY or FITNESS FOR A PARTICULAR PURPOSE.

configure:11464: $? = 0
configure:11453: g++ -v >&5
Using built-in specs.
COLLECT_GCC=g++
COLLECT_LTO_WRAPPER=/usr/lib/gcc/x86_64-linux-gnu/4.8/lto-wrapper
Target: x86_64-linux-gnu
Configured with: ../src/configure -v --with-pkgversion='Ubuntu 4.8.1-2ubuntu1~12.04' --with-bugurl=file:///usr/share/doc/gcc-4.8/README.Bugs --enable-languages=c,c++,java,go,d,fortran,objc,obj-c++ --prefix=/usr --program-suffix=-4.8 --enable-shared --enable-linker-build-id --libexecdir=/usr/lib --without-included-gettext --enable-threads=posix --with-gxx-include-dir=/usr/include/c++/4.8 --libdir=/usr/lib --enable-nls --with-sysroot=/ --enable-clocale=gnu --enable-libstdcxx-debug --enable-libstdcxx-time=yes --enable-gnu-unique-object --enable-plugin --with-system-zlib --disable-browser-plugin --enable-java-awt=gtk --enable-gtk-cairo --with-java-home=/usr/lib/jvm/java-1.5.0-gcj-4.8-amd64/jre --enable-java-home --with-jvm-root-dir=/usr/lib/jvm/java-1.5.0-gcj-4.8-amd64 --with-jvm-jar-dir=/usr/lib/jvm-exports/java-1.5.0-gcj-4.8-amd64 --with-arch-directory=amd64 --with-ecj-jar=/usr/share/java/eclipse-ecj.jar --enable-objc-gc --enable-multiarch --disable-werror --with-arch-32=i686 --with-abi=m64 --with-multilib-list=m32,m64 --with-tune=generic --enable-checking=release --build=x86_64-linux-gnu --host=x86_64-linux-gnu --target=x86_64-linux-gnu
Thread model: posix
gcc version 4.8.1 (Ubuntu 4.8.1-2ubuntu1~12.04) 
configure:11464: $? = 0
configure:11453: g++ -V >&5
g++: error: unrecognized command line option '-V'
g++: fatal error: no input files
compilation terminated.
configure:11464: $? = 4
configure:11453: g++ -qversion >&5
g++: error: unrecognized command line option '-qversion'
g++: fatal error: no input files
compilation terminated.
configure:11464: $? = 4
configure:11468: checking whether we are using the GNU C++ compiler
configure:11487: g++ -c -g3  conftest.cpp >&5
configure:11487: $? = 0
configure:11496: result: yes
configure:11505: checking whether g++ accepts -g
configure:11525: g++ -c -g  conftest.cpp >&5
configure:11525: $? = 0
configure:11566: result: yes
configure:11591: checking dependency style of g++
configure:11702: result: gcc3
configure:11735: checking how to run the C++ preprocessor
configure:11762: g++ -E  conftest.cpp
configure:11762: $? = 0
configure:11776: g++ -E  conftest.cpp
conftest.cpp:21:28: fatal error: ac_nonexistent.h: No such file or directory
 #include <ac_nonexistent.h>
                            ^
compilation terminated.
configure:11776: $? = 1
configure: failed program was:
| /* confdefs.h */
| #define PACKAGE_NAME "HpLRU C++"
| #define PACKAGE_TARNAME "HpLRULib_CC"
| #define PACKAGE_VERSION "0.5"
| #define PACKAGE_STRING "HpLRU C++ 0.5"
| #define PACKAGE_BUGREPORT ""
| #define PACKAGE_URL ""
| #define STDC_HEADERS 1
| #define HAVE_SYS_TYPES_H 1
| #define HAVE_SYS_STAT_H 1
| #define HAVE_STDLIB_H 1
| #define HAVE_STRING_H 1
| #define HAVE_MEMORY_H 1
| #define HAVE_STRINGS_H 1
| #define HAVE_INTTYPES_H 1
| #define HAVE_STDINT_H 1
| #define HAVE_UNISTD_H 1
| #define HAVE_DLFCN_H 1
| #define LT_OBJDIR ".libs/"
| /* end confdefs.h.  */
| #include <ac_nonexistent.h>
configure:11801: result: g++ -E
configure:11821: g++ -E  conftest.cpp
configure:11821: $? = 0
configure:11835: g++ -E  conftest.cpp
conftest.cpp:21:28: fatal error: ac_nonexistent.h: No such file or directory
 #include <ac_nonexistent.h>
                            ^
compilation terminated.
configure:11835: $? = 1
configure: failed program was:
| /* confdefs.h */
| #define PACKAGE_NAME "HpLRU C++"
| #define PACKAGE_TARNAME "HpLRULib_CC"
| #define PACKAGE_VERSION "0.5"
| #define PACKAGE_STRING "HpLRU C++ 0.5"
| #define PACKAGE_BUGREPORT ""
| #define PACKAGE_URL ""
| #define STDC_HEADERS 1
| #define HAVE_SYS_TYPES_H 1
| #define HAVE_SYS_STAT_H 1
| #define HAVE_STDLIB_H 1
| #define HAVE_STRING_H 1
| #define HAVE_MEMORY_H 1
| #define HAVE_STRINGS_H 1
| #define HAVE_INTTYPES_H 1
| #define HAVE_STDINT_H 1
| #define HAVE_UNISTD_H 1
| #define HAVE_DLFCN_H 1
| #define LT_OBJDIR ".libs/"
| /* end confdefs.h.  */
| #include <ac_nonexistent.h>
configure:12004: checking for ld used by g++
configure:12071: result: /usr/bin/ld -m elf_x86_64
configure:12078: checking if the linker (/usr/bin/ld -m elf_x86_64) is GNU ld
configure:12093: result: yes
configure:12148: checking whether the g++ linker (/usr/bin/ld -m elf_x86_64) supports shared libraries
configure:13153: result: yes
configure:13189: g++ -c -g3  conftest.cpp >&5
configure:13192: $? = 0
configure:13712: checking for g++ option to produce PIC
configure:13719: result: -fPIC -DPIC
configure:13727: checking if g++ PIC flag -fPIC -DPIC works
configure:13745: g++ -c -g3  -fPIC -DPIC -DPIC conftest.cpp >&5
configure:13749: $? = 0
configure:13762: result: yes
configure:13785: checking if g++ static flag -static works
configure:13813: result: yes
configure:13825: checking if g++ supports -c -o file.o
configure:13846: g++ -c -g3  -o out/conftest2.o conftest.cpp >&5
configure:13850: $? = 0
configure:13872: result: yes
configure:13877: checking if g++ supports -c -o file.o
configure:13924: result: yes
configure:13954: checking whether the g++ linker (/usr/bin/ld -m elf_x86_64) supports shared libraries
configure:13993: result: yes
configure:14134: checking dynamic linker characteristics
configure:14813: result: GNU/Linux ld.so
configure:14866: checking how to hardcode library paths into programs
configure:14891: result: immediate
configure:15071: creating ./config.status

## ---------------------- ##
## Running config.status. ##
## ---------------------- ##

This file was extended by HpLRU C++ config.status 0.5, which was
generated by GNU Autoconf 2.68.  Invocation command line was

  CONFIG_FILES    = 
  CONFIG_HEADERS  = 
  CONFIG_LINKS    = 
  CONFIG_COMMANDS = 
  $ ./config.status 

on aehusain

config.status:1152: creating Makefile
config.status:1152: creating library_config.h
config.status:1318: library_config.h is unchanged
config.status:1366: executing depfiles commands
config.status:1366: executing libtool commands

## ---------------- ##
## Cache variables. ##
## ---------------- ##

ac_cv_build=x86_64-unknown-linux-gnu
ac_cv_c_compiler_gnu=yes
ac_cv_cxx_compiler_gnu=yes
ac_cv_env_CCC_set=
ac_cv_env_CCC_value=
ac_cv_env_CC_set=
ac_cv_env_CC_value=
ac_cv_env_CFLAGS_set=
ac_cv_env_CFLAGS_value=
ac_cv_env_CPPFLAGS_set=
ac_cv_env_CPPFLAGS_value=
ac_cv_env_CPP_set=
ac_cv_env_CPP_value=
ac_cv_env_CXXCPP_set=
ac_cv_env_CXXCPP_value=
ac_cv_env_CXXFLAGS_set=
ac_cv_env_CXXFLAGS_value=
ac_cv_env_CXX_set=
ac_cv_env_CXX_value=
ac_cv_env_LDFLAGS_set=
ac_cv_env_LDFLAGS_value=
ac_cv_env_LIBS_set=
ac_cv_env_LIBS_value=
ac_cv_env_build_alias_set=
ac_cv_env_build_alias_value=
ac_cv_env_host_alias_set=
ac_cv_env_host_alias_value=
ac_cv_env_target_alias_set=
ac_cv_env_target_alias_value=
ac_cv_header_dlfcn_h=yes
ac_cv_header_inttypes_h=yes
ac_cv_header_memory_h=yes
ac_cv_header_stdc=yes
ac_cv_header_stdint_h=yes
ac_cv_header_stdlib_h=yes
ac_cv_header_string_h=yes
ac_cv_header_strings_h=yes
ac_cv_header_sys_stat_h=yes
ac_cv_header_sys_types_h=yes
ac_cv_header_unistd_h=yes
ac_cv_host=x86_64-unknown-linux-gnu
ac_cv_objext=o
ac_cv_path_EGREP='/bin/grep -E'
ac_cv_path_FGREP='/bin/grep -F'
ac_cv_path_GREP=/bin/grep
ac_cv_path_SED=/bin/sed
ac_cv_path_install='/usr/bin/install -c'
ac_cv_path_mkdir=/bin/mkdir
ac_cv_prog_AWK=mawk
ac_cv_prog_CPP='gcc -E'
ac_cv_prog_CXXCPP='g++ -E'
ac_cv_prog_ac_ct_AR=ar
ac_cv_prog_ac_ct_CC=gcc
ac_cv_prog_ac_ct_CXX=g++
ac_cv_prog_ac_ct_MANIFEST_TOOL=mt
ac_cv_prog_ac_ct_OBJDUMP=objdump
ac_cv_prog_ac_ct_RANLIB=ranlib
ac_cv_prog_ac_ct_STRIP=strip
ac_cv_prog_cc_c89=
ac_cv_prog_cc_g=yes
ac_cv_prog_cxx_g=yes
ac_cv_prog_make_make_set=yes
am_cv_CC_dependencies_compiler_type=gcc3
am_cv_CXX_dependencies_compiler_type=gcc3
lt_cv_ar_at_file=@
lt_cv_archive_cmds_need_lc=no
lt_cv_deplibs_check_method=pass_all
lt_cv_file_magic_cmd='$MAGIC_CMD'
lt_cv_file_magic_test_file=
lt_cv_ld_reload_flag=-r
lt_cv_nm_interface='BSD nm'
lt_cv_objdir=.libs
lt_cv_path_LD=/usr/bin/ld
lt_cv_path_LDCXX='/usr/bin/ld -m elf_x86_64'
lt_cv_path_NM='/usr/bin/nm -B'
lt_cv_path_mainfest_tool=no
lt_cv_prog_compiler_c_o=yes
lt_cv_prog_compiler_c_o_CXX=yes
lt_cv_prog_compiler_pic='-fPIC -DPIC'
lt_cv_prog_compiler_pic_CXX='-fPIC -DPIC'
lt_cv_prog_compiler_pic_works=yes
lt_cv_prog_compiler_pic_works_CXX=yes
lt_cv_prog_compiler_rtti_exceptions=no
lt_cv_prog_compiler_static_works=yes
lt_cv_prog_compiler_static_works_CXX=yes
lt_cv_prog_gnu_ld=yes
lt_cv_prog_gnu_ldcxx=yes
lt_cv_sharedlib_from_linklib_cmd='printf %s\n'
lt_cv_shlibpath_overrides_runpath=no
lt_cv_sys_global_symbol_pipe='sed -n -e '\''s/^.*[	 ]\([ABCDGIRSTW][ABCDGIRSTW]*\)[	 ][	 ]*\([_A-Za-z][_A-Za-z0-9]*\)$/\1 \2 \2/p'\'' | sed '\''/ __gnu_lto/d'\'''
lt_cv_sys_global_symbol_to_c_name_address='sed -n -e '\''s/^: \([^ ]*\)[ ]*$/  {\"\1\", (void *) 0},/p'\'' -e '\''s/^[ABCDGIRSTW]* \([^ ]*\) \([^ ]*\)$/  {"\2", (void *) \&\2},/p'\'''
lt_cv_sys_global_symbol_to_c_name_address_lib_prefix='sed -n -e '\''s/^: \([^ ]*\)[ ]*$/  {\"\1\", (void *) 0},/p'\'' -e '\''s/^[ABCDGIRSTW]* \([^ ]*\) \(lib[^ ]*\)$/  {"\2", (void *) \&\2},/p'\'' -e '\''s/^[ABCDGIRSTW]* \([^ ]*\) \([^ ]*\)$/  {"lib\2", (void *) \&\2},/p'\'''
lt_cv_sys_global_symbol_to_cdecl='sed -n -e '\''s/^T .* \(.*\)$/extern int \1();/p'\'' -e '\''s/^[ABCDGIRSTW]* .* \(.*\)$/extern char \1;/p'\'''
lt_cv_sys_max_cmd_len=1572864
lt_cv_to_host_file_cmd=func_convert_file_noop
lt_cv_to_tool_file_cmd=func_convert_file_noop

## ----------------- ##
## Output variables. ##
## ----------------- ##

ACLOCAL='${SHELL} /home/aehusain/bismillah/HpLRU/missing --run aclocal-1.11'
AMDEPBACKSLASH='\'
AMDEP_FALSE='#'
AMDEP_TRUE=''
AMTAR='$${TAR-tar}'
AR='ar'
AUTOCONF='${SHELL} /home/aehusain/bismillah/HpLRU/missing --run autoconf'
AUTOHEADER='${SHELL} /home/aehusain/bismillah/HpLRU/missing --run autoheader'
AUTOMAKE='${SHELL} /home/aehusain/bismillah/HpLRU/missing --run automake-1.11'
AWK='mawk'
CC='gcc'
CCDEPMODE='depmode=gcc3'
CFLAGS='-g3'
CPP='gcc -E'
CPPFLAGS=''
CXX='g++'
CXXCPP='g++ -E'
CXXDEPMODE='depmode=gcc3'
CXXFLAGS='-g3'
CYGPATH_W='echo'
DEFS='-DHAVE_CONFIG_H'
DEPDIR='.deps'
DLLTOOL='false'
DSYMUTIL=''
DUMPBIN=''
ECHO_C=''
ECHO_N='-n'
ECHO_T=''
EGREP='/bin/grep -E'
EXEEXT=''
FGREP='/bin/grep -F'
GREP='/bin/grep'
INSTALL_DATA='${INSTALL} -m 644'
INSTALL_PROGRAM='${INSTALL}'
INSTALL_SCRIPT='${INSTALL}'
INSTALL_STRIP_PROGRAM='$(install_sh) -c -s'
LD='/usr/bin/ld -m elf_x86_64'
LDFLAGS=''
LIBOBJS=''
LIBS=''
LIBTOOL='$(SHELL) $(top_builddir)/libtool'
LIPO=''
LN_S='ln -s'
LTLIBOBJS=''
MAKEINFO='${SHELL} /home/aehusain/bismillah/HpLRU/missing --run makeinfo'
MANIFEST_TOOL=':'
MKDIR_P='/bin/mkdir -p'
NM='/usr/bin/nm -B'
NMEDIT=''
OBJDUMP='objdump'
OBJEXT='o'
OSINFO=''
OS_IS_CENTOS_FALSE=''
OS_IS_CENTOS_TRUE='#'
OTOOL64=''
OTOOL=''
PACKAGE='HpLRULib_CC'
PACKAGE_BUGREPORT=''
PACKAGE_NAME='HpLRU C++'
PACKAGE_STRING='HpLRU C++ 0.5'
PACKAGE_TARNAME='HpLRULib_CC'
PACKAGE_URL=''
PACKAGE_VERSION='0.5'
PATH_SEPARATOR=':'
RANLIB='ranlib'
SED='/bin/sed'
SET_MAKE=''
SHELL='/bin/bash'
STRIP='strip'
VERSION='0.5'
ac_ct_AR='ar'
ac_ct_CC='gcc'
ac_ct_CXX='g++'
ac_ct_DUMPBIN=''
am__EXEEXT_FALSE=''
am__EXEEXT_TRUE='#'
am__fastdepCC_FALSE='#'
am__fastdepCC_TRUE=''
am__fastdepCXX_FALSE='#'
am__fastdepCXX_TRUE=''
am__include='include'
am__isrc=' -I$(srcdir)'
am__leading_dot='.'
am__nodep='_no'
am__quote=''
am__tar='$${TAR-tar} chof - "$$tardir"'
am__untar='$${TAR-tar} xf -'
bindir='${exec_prefix}/bin'
build='x86_64-unknown-linux-gnu'
build_alias=''
build_cpu='x86_64'
build_os='linux-gnu'
build_vendor='unknown'
datadir='${datarootdir}'
datarootdir='${prefix}/share'
docdir='${datarootdir}/doc/${PACKAGE_TARNAME}'
dvidir='${docdir}'
exec_prefix='${prefix}'
host='x86_64-unknown-linux-gnu'
host_alias=''
host_cpu='x86_64'
host_os='linux-gnu'
host_vendor='unknown'
htmldir='${docdir}'
includedir='${prefix}/include'
infodir='${datarootdir}/info'
install_sh='${SHELL} /home/aehusain/bismillah/HpLRU/install-sh'
libdir='${exec_prefix}/lib'
libexecdir='${exec_prefix}/libexec'
localedir='${datarootdir}/locale'
localstatedir='${prefix}/var'
mandir='${datarootdir}/man'
mkdir_p='/bin/mkdir -p'
oldincludedir='/usr/include'
pdfdir='${docdir}'
prefix='/usr/local'
program_transform_name='s,x,x,'
psdir='${docdir}'
sbindir='${exec_prefix}/sbin'
sharedstatedir='${prefix}/com'
sysconfdir='${prefix}/etc'
target_alias=''

## ----------- ##
## confdefs.h. ##
## ----------- ##

/* confdefs.h */
#define PACKAGE_NAME "HpLRU C++"
#define PACKAGE_TARNAME "HpLRULib_CC"
#define PACKAGE_VERSION "0.5"
#define PACKAGE_STRING "HpLRU C++ 0.5"
#define PACKAGE_BUGREPORT ""
#define PACKAGE_URL ""
#define STDC_HEADERS 1
#define HAVE_SYS_TYPES_H 1
#define HAVE_SYS_STAT_H 1
#define HAVE_STDLIB_H 1
#define HAVE_STRING_H 1
#define HAVE_MEMORY_H 1
#define HAVE_STRINGS_H 1
#define HAVE_INTTYPES_H 1
#define HAVE_STDINT_H 1
#define HAVE_UNISTD_H 1
#define HAVE_DLFCN_H 1
#define LT_OBJDIR ".libs/"

configure: exit 0
